
2021-11-05 15:08:47,076 ERROR main dao.MovieDao - org.postgresql.util.PSQLException: ERROR: relation "movie" does not exist
  Pozycja: 15
2021-11-05 15:13:29,061 ERROR main dao.MovieDao - org.postgresql.util.PSQLException: ERROR: relation "movie" does not exist
  Pozycja: 13
2021-11-05 15:13:49,991 ERROR main dao.MovieDao - org.postgresql.util.PSQLException: ERROR: relation "movie" does not exist
  Pozycja: 15
2021-11-05 15:16:45,350 ERROR main dao.MovieDao - org.postgresql.util.PSQLException: ERROR: relation "movie" does not exist
  Pozycja: 15
2021-11-05 15:17:59,638 ERROR ChooserApp.main() dao.MovieDao - org.postgresql.util.PSQLException: ERROR: relation "movie" does not exist
  Pozycja: 15
2021-11-05 15:18:21,465 ERROR ChooserApp.main() dao.MovieDao - org.postgresql.util.PSQLException: ERROR: relation "movie" does not exist
  Pozycja: 13
2021-11-05 15:26:26,377 ERROR main dao.MovieDao - org.postgresql.util.PSQLException: ERROR: relation "movie" does not exist
  Pozycja: 15
2021-11-05 15:32:47,059 ERROR main dao.MovieDao - org.postgresql.util.PSQLException: ERROR: relation "postgres.movie" does not exist
  Pozycja: 15
2021-11-05 15:42:52,148 ERROR main dao.MovieDao - org.postgresql.util.PSQLException: ERROR: relation "public.movie" does not exist
  Pozycja: 15
2021-11-05 15:43:03,965 ERROR main dao.MovieDao - org.postgresql.util.PSQLException: ERROR: relation "public.movie" does not exist
  Pozycja: 15
2021-11-05 15:43:16,209 ERROR main dao.MovieDao - org.postgresql.util.PSQLException: ERROR: relation "public.movie" does not exist
  Pozycja: 15
2021-11-05 15:43:42,450 ERROR main dao.MovieDao - org.postgresql.util.PSQLException: ERROR: relation "movie" does not exist
  Pozycja: 13
2021-11-05 15:43:46,520 ERROR main dao.MovieDao - org.postgresql.util.PSQLException: ERROR: relation "public.movie" does not exist
  Pozycja: 15
2021-11-05 15:45:34,948 ERROR main dao.MovieDao - org.postgresql.util.PSQLException: Connection to localhost:5432 refused. Check that the hostname and port are correct and that the postmaster is accepting TCP/IP connections.
2021-11-05 15:49:12,184 ERROR main dao.MovieDao - org.postgresql.util.PSQLException: ERROR: relation "public.movie" does not exist
  Pozycja: 15
2021-11-05 15:58:58,996 ERROR main dao.MovieDao - org.postgresql.util.PSQLException: Connection to localhost:5432 refused. Check that the hostname and port are correct and that the postmaster is accepting TCP/IP connections.
2021-11-05 15:59:26,807 ERROR main dao.MovieDao - org.postgresql.util.PSQLException: Connection to localhost:5432 refused. Check that the hostname and port are correct and that the postmaster is accepting TCP/IP connections.
2021-11-05 16:01:58,911 ERROR main dao.MovieDao - org.postgresql.util.PSQLException: ERROR: relation "movie" does not exist
  Pozycja: 13
2021-11-09 16:30:12,295 ERROR main dao.MovieDao - org.postgresql.util.PSQLException: Connection to localhost:5432 refused. Check that the hostname and port are correct and that the postmaster is accepting TCP/IP connections.
2021-11-09 16:31:27,032 ERROR http-nio-8082-exec-3 dao.MovieDao - org.postgresql.util.PSQLException: Connection to localhost:5432 refused. Check that the hostname and port are correct and that the postmaster is accepting TCP/IP connections.
2021-11-09 16:31:41,905 ERROR http-nio-8082-exec-5 dao.MovieDao - org.postgresql.util.PSQLException: Connection to localhost:5432 refused. Check that the hostname and port are correct and that the postmaster is accepting TCP/IP connections.
2021-11-09 20:12:21,329 ERROR main dao.MovieDao - org.postgresql.util.PSQLException: Connection to localhost:5432 refused. Check that the hostname and port are correct and that the postmaster is accepting TCP/IP connections.
2021-11-09 20:12:27,643 ERROR main dao.MovieDao - org.postgresql.util.PSQLException: Connection to localhost:5432 refused. Check that the hostname and port are correct and that the postmaster is accepting TCP/IP connections.
2021-11-09 20:13:06,520 ERROR main dao.MovieDao - org.postgresql.util.PSQLException: Connection to localhost:5432 refused. Check that the hostname and port are correct and that the postmaster is accepting TCP/IP connections.
2021-11-12 13:18:59,820 ERROR main dao.MovieDao - org.postgresql.util.PSQLException: Connection to localhost:5432 refused. Check that the hostname and port are correct and that the postmaster is accepting TCP/IP connections.
2021-11-12 13:19:59,334 ERROR main dao.MovieDao - org.postgresql.util.PSQLException: Connection to localhost:5432 refused. Check that the hostname and port are correct and that the postmaster is accepting TCP/IP connections.
2021-11-12 13:20:06,794 ERROR main dao.MovieDao - org.postgresql.util.PSQLException: Connection to localhost:5432 refused. Check that the hostname and port are correct and that the postmaster is accepting TCP/IP connections.
2021-11-12 13:20:24,447 ERROR main dao.MovieDao - org.postgresql.util.PSQLException: Connection to localhost:5432 refused. Check that the hostname and port are correct and that the postmaster is accepting TCP/IP connections.
2021-11-26 13:33:49,152 ERROR http-nio-8082-exec-7 client.MovieClient - java.io.IOException: Server returned HTTP response code: 524 for URL: https://imdb-api.com/en/API/Title/k_21xe62oi/tt0133093
